Determining if the pthread_create exist failed with the following output:
Change Dir: /mnt/c/Estudos/CodeBase/cpp-socket-try/cserver/build/CMakeFiles/CMakeTmp

Run Build Command:"/usr/bin/make" "cmTC_db74e/fast"
/usr/bin/make -f CMakeFiles/cmTC_db74e.dir/build.make CMakeFiles/cmTC_db74e.dir/build
make[1]: Entering directory '/mnt/c/Estudos/CodeBase/cpp-socket-try/cserver/build/CMakeFiles/CMakeTmp'
Building C object CMakeFiles/cmTC_db74e.dir/CheckSymbolExists.c.o
/usr/bin/cc    -o CMakeFiles/cmTC_db74e.dir/CheckSymbolExists.c.o   -c /mnt/c/Estudos/CodeBase/cpp-socket-try/cserver/build/CMakeFiles/CMakeTmp/CheckSymbolExists.c
Linking C executable cmTC_db74e
/usr/bin/cmake -E cmake_link_script CMakeFiles/cmTC_db74e.dir/link.txt --verbose=1
/usr/bin/cc      CMakeFiles/cmTC_db74e.dir/CheckSymbolExists.c.o  -o cmTC_db74e 
CMakeFiles/cmTC_db74e.dir/CheckSymbolExists.c.o: In function `main':
CheckSymbolExists.c:(.text+0x1b): undefined reference to `pthread_create'
collect2: error: ld returned 1 exit status
CMakeFiles/cmTC_db74e.dir/build.make:97: recipe for target 'cmTC_db74e' failed
make[1]: *** [cmTC_db74e] Error 1
make[1]: Leaving directory '/mnt/c/Estudos/CodeBase/cpp-socket-try/cserver/build/CMakeFiles/CMakeTmp'
Makefile:126: recipe for target 'cmTC_db74e/fast' failed
make: *** [cmTC_db74e/fast] Error 2

File /mnt/c/Estudos/CodeBase/cpp-socket-try/cserver/build/CMakeFiles/CMakeTmp/CheckSymbolExists.c:
/* */
#include <pthread.h>

int main(int argc, char** argv)
{
  (void)argv;
#ifndef pthread_create
  return ((int*)(&pthread_create))[argc];
#else
  (void)argc;
  return 0;
#endif
}

Determining if the function pthread_create exists in the pthreads failed with the following output:
Change Dir: /mnt/c/Estudos/CodeBase/cpp-socket-try/cserver/build/CMakeFiles/CMakeTmp

Run Build Command:"/usr/bin/make" "cmTC_93386/fast"
/usr/bin/make -f CMakeFiles/cmTC_93386.dir/build.make CMakeFiles/cmTC_93386.dir/build
make[1]: Entering directory '/mnt/c/Estudos/CodeBase/cpp-socket-try/cserver/build/CMakeFiles/CMakeTmp'
Building C object CMakeFiles/cmTC_93386.dir/CheckFunctionExists.c.o
/usr/bin/cc   -DCHECK_FUNCTION_EXISTS=pthread_create   -o CMakeFiles/cmTC_93386.dir/CheckFunctionExists.c.o   -c /usr/share/cmake-3.10/Modules/CheckFunctionExists.c
Linking C executable cmTC_93386
/usr/bin/cmake -E cmake_link_script CMakeFiles/cmTC_93386.dir/link.txt --verbose=1
/usr/bin/cc  -DCHECK_FUNCTION_EXISTS=pthread_create    CMakeFiles/cmTC_93386.dir/CheckFunctionExists.c.o  -o cmTC_93386 -lpthreads 
/usr/bin/ld: cannot find -lpthreads
collect2: error: ld returned 1 exit status
CMakeFiles/cmTC_93386.dir/build.make:97: recipe for target 'cmTC_93386' failed
make[1]: *** [cmTC_93386] Error 1
make[1]: Leaving directory '/mnt/c/Estudos/CodeBase/cpp-socket-try/cserver/build/CMakeFiles/CMakeTmp'
Makefile:126: recipe for target 'cmTC_93386/fast' failed
make: *** [cmTC_93386/fast] Error 2


